####<Oct 12, 2015 10:59:44 AM CST> <Warning> <facility.root.clusterInfo> <pl-1> <traffic-1> <[ACTIVE] ExecuteThread: '43' for queue: 'weblogic.kernel.Default (self-tuning)'> <<anonymous>> <BEA1-68723544F0E41C788BC0> <> <1444618784392> <BEA-000000> <[null]cluster info is not initialized yet> 
####<Oct 12, 2015 11:00:40 AM CST> <Info> <com.ericsson.joam.fm.esa> <pl-1> <traffic-1> <com.ericsson.joam.fm.esa.impl.ExecutorScheduleService> <<anonymous>> <> <> <1444618840224> <BEA-000000> <Starting the Memory-ESA Synchronization process> 
####<Oct 12, 2015 11:00:40 AM CST> <Info> <com.ericsson.joam.fm.esa> <pl-1> <traffic-1> <com.ericsson.joam.fm.esa.impl.ExecutorScheduleService> <<anonymous>> <> <> <1444618840238> <BEA-000000> <ESA AAL size=0> 
####<Oct 12, 2015 11:00:44 AM CST> <Warning> <facility.root.clusterInfo> <pl-1> <traffic-1> <[ACTIVE] ExecuteThread: '43' for queue: 'weblogic.kernel.Default (self-tuning)'> <<anonymous>> <BEA1-68733544F0E41C788BC0> <> <1444618844437> <BEA-000000> <[null]cluster info is not initialized yet> 
####<Oct 12, 2015 11:01:40 AM CST> <Info> <com.ericsson.joam.fm.esa> <pl-1> <traffic-1> <com.ericsson.joam.fm.esa.impl.ExecutorScheduleService> <<anonymous>> <> <> <1444618900239> <BEA-000000> <Starting the Memory-ESA Synchronization process> 
####<Oct 12, 2015 11:01:40 AM CST> <Info> <com.ericsson.joam.fm.esa> <pl-1> <traffic-1> <com.ericsson.joam.fm.esa.impl.ExecutorScheduleService> <<anonymous>> <> <> <1444618900243> <BEA-000000> <ESA AAL size=0> 
####<Oct 12, 2015 11:01:48 AM CST> <Info> <JDBC> <pl-1> <traffic-1> <[ACTIVE] ExecuteThread: '53' for queue: 'weblogic.kernel.Default (self-tuning)'> <<WLS Kernel>> <> <> <1444618908046> <BEA-001128> <Connection for pool "jdbc_facility.general.ds" closed.> 
####<Oct 12, 2015 11:02:10 AM CST> <Info> <Common> <pl-1> <traffic-1> <Thread-34> <<anonymous>> <> <> <1444618930384> <BEA-000628> <Created "1" resources for pool "jdbc_facility.general.ds", out of which "1" are available and "0" are unavailable.> 
####<Oct 12, 2015 11:02:40 AM CST> <Info> <com.ericsson.joam.fm.esa> <pl-1> <traffic-1> <com.ericsson.joam.fm.esa.impl.ExecutorScheduleService> <<anonymous>> <> <> <1444618960243> <BEA-000000> <Starting the Memory-ESA Synchronization process> 
####<Oct 12, 2015 11:02:40 AM CST> <Info> <com.ericsson.joam.fm.esa> <pl-1> <traffic-1> <com.ericsson.joam.fm.esa.impl.ExecutorScheduleService> <<anonymous>> <> <> <1444618960250> <BEA-000000> <ESA AAL size=0> 
####<Oct 12, 2015 11:03:14 AM CST> <Warning> <facility.root.clusterInfo> <pl-1> <traffic-1> <[ACTIVE] ExecuteThread: '51' for queue: 'weblogic.kernel.Default (self-tuning)'> <<anonymous>> <BEA1-68743544F0E41C788BC0> <> <1444618994552> <BEA-000000> <[null]cluster info is not initialized yet> 
####<Oct 12, 2015 11:03:40 AM CST> <Info> <com.ericsson.joam.fm.esa> <pl-1> <traffic-1> <com.ericsson.joam.fm.esa.impl.ExecutorScheduleService> <<anonymous>> <> <> <1444619020250> <BEA-000000> <Starting the Memory-ESA Synchronization process> 
####<Oct 12, 2015 11:03:40 AM CST> <Info> <com.ericsson.joam.fm.esa> <pl-1> <traffic-1> <com.ericsson.joam.fm.esa.impl.ExecutorScheduleService> <<anonymous>> <> <> <1444619020270> <BEA-000000> <ESA AAL size=0> 
####<Oct 12, 2015 11:04:14 AM CST> <Warning> <facility.root.clusterInfo> <pl-1> <traffic-1> <[ACTIVE] ExecuteThread: '40' for queue: 'weblogic.kernel.Default (self-tuning)'> <<anonymous>> <BEA1-68753544F0E41C788BC0> <> <1444619054599> <BEA-000000> <[null]cluster info is not initialized yet> 
####<Oct 12, 2015 11:04:40 AM CST> <Info> <com.ericsson.joam.fm.esa> <pl-1> <traffic-1> <com.ericsson.joam.fm.esa.impl.ExecutorScheduleService> <<anonymous>> <> <> <1444619080270> <BEA-000000> <Starting the Memory-ESA Synchronization process> 
####<Oct 12, 2015 11:04:40 AM CST> <Info> <com.ericsson.joam.fm.esa> <pl-1> <traffic-1> <com.ericsson.joam.fm.esa.impl.ExecutorScheduleService> <<anonymous>> <> <> <1444619080277> <BEA-000000> <ESA AAL size=0> 
####<Oct 12, 2015 11:05:40 AM CST> <Info> <com.ericsson.joam.fm.esa> <pl-1> <traffic-1> <com.ericsson.joam.fm.esa.impl.ExecutorScheduleService> <<anonymous>> <> <> <1444619140277> <BEA-000000> <Starting the Memory-ESA Synchronization process> 
####<Oct 12, 2015 11:05:40 AM CST> <Info> <com.ericsson.joam.fm.esa> <pl-1> <traffic-1> <com.ericsson.joam.fm.esa.impl.ExecutorScheduleService> <<anonymous>> <> <> <1444619140280> <BEA-000000> <ESA AAL size=0> 
####<Oct 12, 2015 11:05:44 AM CST> <Warning> <facility.root.clusterInfo> <pl-1> <traffic-1> <[ACTIVE] ExecuteThread: '43' for queue: 'weblogic.kernel.Default (self-tuning)'> <<anonymous>> <BEA1-68763544F0E41C788BC0> <> <1444619144678> <BEA-000000> <[null]cluster info is not initialized yet> 
####<Oct 12, 2015 11:06:40 AM CST> <Info> <com.ericsson.joam.fm.esa> <pl-1> <traffic-1> <com.ericsson.joam.fm.esa.impl.ExecutorScheduleService> <<anonymous>> <> <> <1444619200280> <BEA-000000> <Starting the Memory-ESA Synchronization process> 
####<Oct 12, 2015 11:06:40 AM CST> <Info> <com.ericsson.joam.fm.esa> <pl-1> <traffic-1> <com.ericsson.joam.fm.esa.impl.ExecutorScheduleService> <<anonymous>> <> <> <1444619200284> <BEA-000000> <ESA AAL size=0> 
####<Oct 12, 2015 11:06:44 AM CST> <Warning> <facility.root.clusterInfo> <pl-1> <traffic-1> <[ACTIVE] ExecuteThread: '53' for queue: 'weblogic.kernel.Default (self-tuning)'> <<anonymous>> <BEA1-68773544F0E41C788BC0> <> <1444619204727> <BEA-000000> <[null]cluster info is not initialized yet> 
####<Oct 12, 2015 11:07:40 AM CST> <Info> <com.ericsson.joam.fm.esa> <pl-1> <traffic-1> <com.ericsson.joam.fm.esa.impl.ExecutorScheduleService> <<anonymous>> <> <> <1444619260285> <BEA-000000> <Starting the Memory-ESA Synchronization process> 
####<Oct 12, 2015 11:07:40 AM CST> <Info> <com.ericsson.joam.fm.esa> <pl-1> <traffic-1> <com.ericsson.joam.fm.esa.impl.ExecutorScheduleService> <<anonymous>> <> <> <1444619260289> <BEA-000000> <ESA AAL size=0> 
####<Oct 12, 2015 11:08:15 AM CST> <Warning> <facility.root.clusterInfo> <pl-1> <traffic-1> <[ACTIVE] ExecuteThread: '53' for queue: 'weblogic.kernel.Default (self-tuning)'> <<anonymous>> <BEA1-68783544F0E41C788BC0> <> <1444619295029> <BEA-000000> <[null]cluster info is not initialized yet> 
####<Oct 12, 2015 11:08:40 AM CST> <Info> <com.ericsson.joam.fm.esa> <pl-1> <traffic-1> <com.ericsson.joam.fm.esa.impl.ExecutorScheduleService> <<anonymous>> <> <> <1444619320290> <BEA-000000> <Starting the Memory-ESA Synchronization process> 
####<Oct 12, 2015 11:08:40 AM CST> <Info> <com.ericsson.joam.fm.esa> <pl-1> <traffic-1> <com.ericsson.joam.fm.esa.impl.ExecutorScheduleService> <<anonymous>> <> <> <1444619320293> <BEA-000000> <ESA AAL size=0> 
####<Oct 12, 2015 11:08:45 AM CST> <Warning> <facility.root.clusterInfo> <pl-1> <traffic-1> <[ACTIVE] ExecuteThread: '40' for queue: 'weblogic.kernel.Default (self-tuning)'> <<anonymous>> <BEA1-68793544F0E41C788BC0> <> <1444619325071> <BEA-000000> <[null]cluster info is not initialized yet> 
####<Oct 12, 2015 11:09:40 AM CST> <Info> <com.ericsson.joam.fm.esa> <pl-1> <traffic-1> <com.ericsson.joam.fm.esa.impl.ExecutorScheduleService> <<anonymous>> <> <> <1444619380293> <BEA-000000> <Starting the Memory-ESA Synchronization process> 
####<Oct 12, 2015 11:09:40 AM CST> <Info> <com.ericsson.joam.fm.esa> <pl-1> <traffic-1> <com.ericsson.joam.fm.esa.impl.ExecutorScheduleService> <<anonymous>> <> <> <1444619380298> <BEA-000000> <ESA AAL size=0> 
####<Oct 12, 2015 11:09:45 AM CST> <Warning> <facility.root.clusterInfo> <pl-1> <traffic-1> <[ACTIVE] ExecuteThread: '40' for queue: 'weblogic.kernel.Default (self-tuning)'> <<anonymous>> <BEA1-687A3544F0E41C788BC0> <> <1444619385206> <BEA-000000> <[null]cluster info is not initialized yet> 
####<Oct 12, 2015 11:10:15 AM CST> <Warning> <facility.root.clusterInfo> <pl-1> <traffic-1> <[ACTIVE] ExecuteThread: '52' for queue: 'weblogic.kernel.Default (self-tuning)'> <<anonymous>> <BEA1-687B3544F0E41C788BC0> <> <1444619415236> <BEA-000000> <[null]cluster info is not initialized yet> 
####<Oct 12, 2015 11:10:40 AM CST> <Info> <com.ericsson.joam.fm.esa> <pl-1> <traffic-1> <com.ericsson.joam.fm.esa.impl.ExecutorScheduleService> <<anonymous>> <> <> <1444619440298> <BEA-000000> <Starting the Memory-ESA Synchronization process> 
####<Oct 12, 2015 11:10:40 AM CST> <Info> <com.ericsson.joam.fm.esa> <pl-1> <traffic-1> <com.ericsson.joam.fm.esa.impl.ExecutorScheduleService> <<anonymous>> <> <> <1444619440303> <BEA-000000> <ESA AAL size=0> 
####<Oct 12, 2015 11:11:15 AM CST> <Warning> <facility.root.clusterInfo> <pl-1> <traffic-1> <[ACTIVE] ExecuteThread: '53' for queue: 'weblogic.kernel.Default (self-tuning)'> <<anonymous>> <BEA1-687C3544F0E41C788BC0> <> <1444619475342> <BEA-000000> <[null]cluster info is not initialized yet> 
####<Oct 12, 2015 11:11:40 AM CST> <Info> <com.ericsson.joam.fm.esa> <pl-1> <traffic-1> <com.ericsson.joam.fm.esa.impl.ExecutorScheduleService> <<anonymous>> <> <> <1444619500304> <BEA-000000> <Starting the Memory-ESA Synchronization process> 
####<Oct 12, 2015 11:11:40 AM CST> <Info> <com.ericsson.joam.fm.esa> <pl-1> <traffic-1> <com.ericsson.joam.fm.esa.impl.ExecutorScheduleService> <<anonymous>> <> <> <1444619500317> <BEA-000000> <ESA AAL size=0> 
####<Oct 12, 2015 11:12:15 AM CST> <Warning> <facility.root.clusterInfo> <pl-1> <traffic-1> <[ACTIVE] ExecuteThread: '53' for queue: 'weblogic.kernel.Default (self-tuning)'> <<anonymous>> <BEA1-687D3544F0E41C788BC0> <> <1444619535408> <BEA-000000> <[null]cluster info is not initialized yet> 
####<Oct 12, 2015 11:12:40 AM CST> <Info> <com.ericsson.joam.fm.esa> <pl-1> <traffic-1> <com.ericsson.joam.fm.esa.impl.ExecutorScheduleService> <<anonymous>> <> <> <1444619560318> <BEA-000000> <Starting the Memory-ESA Synchronization process> 
####<Oct 12, 2015 11:12:40 AM CST> <Info> <com.ericsson.joam.fm.esa> <pl-1> <traffic-1> <com.ericsson.joam.fm.esa.impl.ExecutorScheduleService> <<anonymous>> <> <> <1444619560321> <BEA-000000> <ESA AAL size=0> 
####<Oct 12, 2015 11:13:40 AM CST> <Info> <com.ericsson.joam.fm.esa> <pl-1> <traffic-1> <com.ericsson.joam.fm.esa.impl.ExecutorScheduleService> <<anonymous>> <> <> <1444619620322> <BEA-000000> <Starting the Memory-ESA Synchronization process> 
####<Oct 12, 2015 11:13:40 AM CST> <Info> <com.ericsson.joam.fm.esa> <pl-1> <traffic-1> <com.ericsson.joam.fm.esa.impl.ExecutorScheduleService> <<anonymous>> <> <> <1444619620327> <BEA-000000> <ESA AAL size=0> 
####<Oct 12, 2015 11:13:45 AM CST> <Warning> <facility.root.clusterInfo> <pl-1> <traffic-1> <[ACTIVE] ExecuteThread: '53' for queue: 'weblogic.kernel.Default (self-tuning)'> <<anonymous>> <BEA1-687E3544F0E41C788BC0> <> <1444619625802> <BEA-000000> <[null]cluster info is not initialized yet> 
####<Oct 12, 2015 11:13:57 AM CST> <Info> <JDBC> <pl-1> <traffic-1> <[ACTIVE] ExecuteThread: '40' for queue: 'weblogic.kernel.Default (self-tuning)'> <<WLS Kernel>> <> <> <1444619637826> <BEA-001128> <Connection for pool "clustertimer" closed.> 
####<Oct 12, 2015 11:14:03 AM CST> <Info> <Common> <pl-1> <traffic-1> <[ACTIVE] ExecuteThread: '41' for queue: 'weblogic.kernel.Default (self-tuning)'> <<WLS Kernel>> <> <> <1444619643734> <BEA-000628> <Created "1" resources for pool "clustertimer", out of which "1" are available and "0" are unavailable.> 
####<Oct 12, 2015 11:14:16 AM CST> <Warning> <facility.root.clusterInfo> <pl-1> <traffic-1> <[ACTIVE] ExecuteThread: '41' for queue: 'weblogic.kernel.Default (self-tuning)'> <<anonymous>> <BEA1-687F3544F0E41C788BC0> <> <1444619656059> <BEA-000000> <[null]cluster info is not initialized yet> 
####<Oct 12, 2015 11:14:40 AM CST> <Info> <com.ericsson.joam.fm.esa> <pl-1> <traffic-1> <com.ericsson.joam.fm.esa.impl.ExecutorScheduleService> <<anonymous>> <> <> <1444619680327> <BEA-000000> <Starting the Memory-ESA Synchronization process> 
####<Oct 12, 2015 11:14:40 AM CST> <Info> <com.ericsson.joam.fm.esa> <pl-1> <traffic-1> <com.ericsson.joam.fm.esa.impl.ExecutorScheduleService> <<anonymous>> <> <> <1444619680344> <BEA-000000> <ESA AAL size=0> 
####<Oct 12, 2015 11:15:16 AM CST> <Warning> <facility.root.clusterInfo> <pl-1> <traffic-1> <[ACTIVE] ExecuteThread: '41' for queue: 'weblogic.kernel.Default (self-tuning)'> <<anonymous>> <BEA1-68803544F0E41C788BC0> <> <1444619716127> <BEA-000000> <[null]cluster info is not initialized yet> 
####<Oct 12, 2015 11:15:40 AM CST> <Info> <com.ericsson.joam.fm.esa> <pl-1> <traffic-1> <com.ericsson.joam.fm.esa.impl.ExecutorScheduleService> <<anonymous>> <> <> <1444619740344> <BEA-000000> <Starting the Memory-ESA Synchronization process> 
####<Oct 12, 2015 11:15:40 AM CST> <Info> <com.ericsson.joam.fm.esa> <pl-1> <traffic-1> <com.ericsson.joam.fm.esa.impl.ExecutorScheduleService> <<anonymous>> <> <> <1444619740347> <BEA-000000> <ESA AAL size=0> 
####<Oct 12, 2015 11:16:40 AM CST> <Info> <com.ericsson.joam.fm.esa> <pl-1> <traffic-1> <com.ericsson.joam.fm.esa.impl.ExecutorScheduleService> <<anonymous>> <> <> <1444619800348> <BEA-000000> <Starting the Memory-ESA Synchronization process> 
####<Oct 12, 2015 11:16:40 AM CST> <Info> <com.ericsson.joam.fm.esa> <pl-1> <traffic-1> <com.ericsson.joam.fm.esa.impl.ExecutorScheduleService> <<anonymous>> <> <> <1444619800352> <BEA-000000> <ESA AAL size=0> 
####<Oct 12, 2015 11:16:48 AM CST> <Info> <JDBC> <pl-1> <traffic-1> <[ACTIVE] ExecuteThread: '41' for queue: 'weblogic.kernel.Default (self-tuning)'> <<WLS Kernel>> <> <> <1444619808048> <BEA-001128> <Connection for pool "jdbc_facility.general.ds" closed.> 
####<Oct 12, 2015 11:16:54 AM CST> <Info> <Common> <pl-1> <traffic-1> <Thread-31> <<anonymous>> <> <> <1444619814001> <BEA-000628> <Created "1" resources for pool "jdbc_facility.general.ds", out of which "1" are available and "0" are unavailable.> 
####<Oct 12, 2015 11:17:40 AM CST> <Info> <com.ericsson.joam.fm.esa> <pl-1> <traffic-1> <com.ericsson.joam.fm.esa.impl.ExecutorScheduleService> <<anonymous>> <> <> <1444619860353> <BEA-000000> <Starting the Memory-ESA Synchronization process> 
####<Oct 12, 2015 11:17:40 AM CST> <Info> <com.ericsson.joam.fm.esa> <pl-1> <traffic-1> <com.ericsson.joam.fm.esa.impl.ExecutorScheduleService> <<anonymous>> <> <> <1444619860356> <BEA-000000> <ESA AAL size=0> 
####<Oct 12, 2015 11:18:40 AM CST> <Info> <com.ericsson.joam.fm.esa> <pl-1> <traffic-1> <com.ericsson.joam.fm.esa.impl.ExecutorScheduleService> <<anonymous>> <> <> <1444619920356> <BEA-000000> <Starting the Memory-ESA Synchronization process> 
####<Oct 12, 2015 11:18:40 AM CST> <Info> <com.ericsson.joam.fm.esa> <pl-1> <traffic-1> <com.ericsson.joam.fm.esa.impl.ExecutorScheduleService> <<anonymous>> <> <> <1444619920360> <BEA-000000> <ESA AAL size=0> 
####<Oct 12, 2015 11:19:40 AM CST> <Info> <com.ericsson.joam.fm.esa> <pl-1> <traffic-1> <com.ericsson.joam.fm.esa.impl.ExecutorScheduleService> <<anonymous>> <> <> <1444619980360> <BEA-000000> <Starting the Memory-ESA Synchronization process> 
####<Oct 12, 2015 11:19:40 AM CST> <Info> <com.ericsson.joam.fm.esa> <pl-1> <traffic-1> <com.ericsson.joam.fm.esa.impl.ExecutorScheduleService> <<anonymous>> <> <> <1444619980365> <BEA-000000> <ESA AAL size=0> 
####<Oct 12, 2015 11:20:40 AM CST> <Info> <com.ericsson.joam.fm.esa> <pl-1> <traffic-1> <com.ericsson.joam.fm.esa.impl.ExecutorScheduleService> <<anonymous>> <> <> <1444620040365> <BEA-000000> <Starting the Memory-ESA Synchronization process> 
####<Oct 12, 2015 11:20:40 AM CST> <Info> <com.ericsson.joam.fm.esa> <pl-1> <traffic-1> <com.ericsson.joam.fm.esa.impl.ExecutorScheduleService> <<anonymous>> <> <> <1444620040368> <BEA-000000> <ESA AAL size=0> 
####<Oct 12, 2015 11:20:47 AM CST> <Warning> <facility.root.clusterInfo> <pl-1> <traffic-1> <[ACTIVE] ExecuteThread: '45' for queue: 'weblogic.kernel.Default (self-tuning)'> <<anonymous>> <BEA1-68813544F0E41C788BC0> <> <1444620047118> <BEA-000000> <[null]cluster info is not initialized yet> 
####<Oct 12, 2015 11:21:17 AM CST> <Warning> <facility.root.clusterInfo> <pl-1> <traffic-1> <[ACTIVE] ExecuteThread: '53' for queue: 'weblogic.kernel.Default (self-tuning)'> <<anonymous>> <BEA1-68823544F0E41C788BC0> <> <1444620077143> <BEA-000000> <[null]cluster info is not initialized yet> 
####<Oct 12, 2015 11:21:40 AM CST> <Info> <com.ericsson.joam.fm.esa> <pl-1> <traffic-1> <com.ericsson.joam.fm.esa.impl.ExecutorScheduleService> <<anonymous>> <> <> <1444620100368> <BEA-000000> <Starting the Memory-ESA Synchronization process> 
####<Oct 12, 2015 11:21:40 AM CST> <Info> <com.ericsson.joam.fm.esa> <pl-1> <traffic-1> <com.ericsson.joam.fm.esa.impl.ExecutorScheduleService> <<anonymous>> <> <> <1444620100377> <BEA-000000> <ESA AAL size=0> 
####<Oct 12, 2015 11:21:47 AM CST> <Warning> <facility.root.clusterInfo> <pl-1> <traffic-1> <[ACTIVE] ExecuteThread: '40' for queue: 'weblogic.kernel.Default (self-tuning)'> <<anonymous>> <BEA1-68833544F0E41C788BC0> <> <1444620107187> <BEA-000000> <[null]cluster info is not initialized yet> 
####<Oct 12, 2015 11:22:17 AM CST> <Warning> <facility.root.clusterInfo> <pl-1> <traffic-1> <[ACTIVE] ExecuteThread: '52' for queue: 'weblogic.kernel.Default (self-tuning)'> <<anonymous>> <BEA1-68843544F0E41C788BC0> <> <1444620137244> <BEA-000000> <[null]cluster info is not initialized yet> 
####<Oct 12, 2015 11:22:40 AM CST> <Info> <com.ericsson.joam.fm.esa> <pl-1> <traffic-1> <com.ericsson.joam.fm.esa.impl.ExecutorScheduleService> <<anonymous>> <> <> <1444620160377> <BEA-000000> <Starting the Memory-ESA Synchronization process> 
####<Oct 12, 2015 11:22:40 AM CST> <Info> <com.ericsson.joam.fm.esa> <pl-1> <traffic-1> <com.ericsson.joam.fm.esa.impl.ExecutorScheduleService> <<anonymous>> <> <> <1444620160387> <BEA-000000> <ESA AAL size=0> 
####<Oct 12, 2015 11:22:47 AM CST> <Warning> <facility.root.clusterInfo> <pl-1> <traffic-1> <[ACTIVE] ExecuteThread: '53' for queue: 'weblogic.kernel.Default (self-tuning)'> <<anonymous>> <BEA1-68853544F0E41C788BC0> <> <1444620167275> <BEA-000000> <[null]cluster info is not initialized yet> 
####<Oct 12, 2015 11:23:17 AM CST> <Warning> <facility.root.clusterInfo> <pl-1> <traffic-1> <[ACTIVE] ExecuteThread: '45' for queue: 'weblogic.kernel.Default (self-tuning)'> <<anonymous>> <BEA1-68863544F0E41C788BC0> <> <1444620197294> <BEA-000000> <[null]cluster info is not initialized yet> 
####<Oct 12, 2015 11:23:40 AM CST> <Info> <com.ericsson.joam.fm.esa> <pl-1> <traffic-1> <com.ericsson.joam.fm.esa.impl.ExecutorScheduleService> <<anonymous>> <> <> <1444620220388> <BEA-000000> <Starting the Memory-ESA Synchronization process> 
####<Oct 12, 2015 11:23:40 AM CST> <Info> <com.ericsson.joam.fm.esa> <pl-1> <traffic-1> <com.ericsson.joam.fm.esa.impl.ExecutorScheduleService> <<anonymous>> <> <> <1444620220393> <BEA-000000> <ESA AAL size=0> 
####<Oct 12, 2015 11:23:47 AM CST> <Warning> <facility.root.clusterInfo> <pl-1> <traffic-1> <[ACTIVE] ExecuteThread: '40' for queue: 'weblogic.kernel.Default (self-tuning)'> <<anonymous>> <BEA1-68873544F0E41C788BC0> <> <1444620227315> <BEA-000000> <[null]cluster info is not initialized yet> 
####<Oct 12, 2015 11:24:17 AM CST> <Warning> <facility.root.clusterInfo> <pl-1> <traffic-1> <[ACTIVE] ExecuteThread: '52' for queue: 'weblogic.kernel.Default (self-tuning)'> <<anonymous>> <BEA1-68883544F0E41C788BC0> <> <1444620257337> <BEA-000000> <[null]cluster info is not initialized yet> 
####<Oct 12, 2015 11:24:40 AM CST> <Info> <com.ericsson.joam.fm.esa> <pl-1> <traffic-1> <com.ericsson.joam.fm.esa.impl.ExecutorScheduleService> <<anonymous>> <> <> <1444620280393> <BEA-000000> <Starting the Memory-ESA Synchronization process> 
####<Oct 12, 2015 11:24:40 AM CST> <Info> <com.ericsson.joam.fm.esa> <pl-1> <traffic-1> <com.ericsson.joam.fm.esa.impl.ExecutorScheduleService> <<anonymous>> <> <> <1444620280400> <BEA-000000> <ESA AAL size=0> 
####<Oct 12, 2015 11:24:47 AM CST> <Warning> <facility.root.clusterInfo> <pl-1> <traffic-1> <[ACTIVE] ExecuteThread: '45' for queue: 'weblogic.kernel.Default (self-tuning)'> <<anonymous>> <BEA1-68893544F0E41C788BC0> <> <1444620287371> <BEA-000000> <[null]cluster info is not initialized yet> 
####<Oct 12, 2015 11:25:17 AM CST> <Warning> <facility.root.clusterInfo> <pl-1> <traffic-1> <[ACTIVE] ExecuteThread: '52' for queue: 'weblogic.kernel.Default (self-tuning)'> <<anonymous>> <BEA1-688A3544F0E41C788BC0> <> <1444620317396> <BEA-000000> <[null]cluster info is not initialized yet> 
####<Oct 12, 2015 11:25:40 AM CST> <Info> <com.ericsson.joam.fm.esa> <pl-1> <traffic-1> <com.ericsson.joam.fm.esa.impl.ExecutorScheduleService> <<anonymous>> <> <> <1444620340401> <BEA-000000> <Starting the Memory-ESA Synchronization process> 
####<Oct 12, 2015 11:25:40 AM CST> <Info> <com.ericsson.joam.fm.esa> <pl-1> <traffic-1> <com.ericsson.joam.fm.esa.impl.ExecutorScheduleService> <<anonymous>> <> <> <1444620340421> <BEA-000000> <ESA AAL size=0> 
####<Oct 12, 2015 11:25:47 AM CST> <Warning> <facility.root.clusterInfo> <pl-1> <traffic-1> <[ACTIVE] ExecuteThread: '53' for queue: 'weblogic.kernel.Default (self-tuning)'> <<anonymous>> <BEA1-688B3544F0E41C788BC0> <> <1444620347420> <BEA-000000> <[null]cluster info is not initialized yet> 
####<Oct 12, 2015 11:26:17 AM CST> <Warning> <facility.root.clusterInfo> <pl-1> <traffic-1> <[ACTIVE] ExecuteThread: '52' for queue: 'weblogic.kernel.Default (self-tuning)'> <<anonymous>> <BEA1-688C3544F0E41C788BC0> <> <1444620377441> <BEA-000000> <[null]cluster info is not initialized yet> 
####<Oct 12, 2015 11:26:40 AM CST> <Info> <com.ericsson.joam.fm.esa> <pl-1> <traffic-1> <com.ericsson.joam.fm.esa.impl.ExecutorScheduleService> <<anonymous>> <> <> <1444620400421> <BEA-000000> <Starting the Memory-ESA Synchronization process> 
####<Oct 12, 2015 11:26:40 AM CST> <Info> <com.ericsson.joam.fm.esa> <pl-1> <traffic-1> <com.ericsson.joam.fm.esa.impl.ExecutorScheduleService> <<anonymous>> <> <> <1444620400424> <BEA-000000> <ESA AAL size=0> 
####<Oct 12, 2015 11:26:47 AM CST> <Warning> <facility.root.clusterInfo> <pl-1> <traffic-1> <[ACTIVE] ExecuteThread: '53' for queue: 'weblogic.kernel.Default (self-tuning)'> <<anonymous>> <BEA1-688D3544F0E41C788BC0> <> <1444620407466> <BEA-000000> <[null]cluster info is not initialized yet> 
####<Oct 12, 2015 11:27:17 AM CST> <Warning> <facility.root.clusterInfo> <pl-1> <traffic-1> <[ACTIVE] ExecuteThread: '45' for queue: 'weblogic.kernel.Default (self-tuning)'> <<anonymous>> <BEA1-688E3544F0E41C788BC0> <> <1444620437487> <BEA-000000> <[null]cluster info is not initialized yet> 
####<Oct 12, 2015 11:27:40 AM CST> <Info> <com.ericsson.joam.fm.esa> <pl-1> <traffic-1> <com.ericsson.joam.fm.esa.impl.ExecutorScheduleService> <<anonymous>> <> <> <1444620460431> <BEA-000000> <Starting the Memory-ESA Synchronization process> 
####<Oct 12, 2015 11:27:40 AM CST> <Info> <com.ericsson.joam.fm.esa> <pl-1> <traffic-1> <com.ericsson.joam.fm.esa.impl.ExecutorScheduleService> <<anonymous>> <> <> <1444620460436> <BEA-000000> <ESA AAL size=0> 
####<Oct 12, 2015 11:27:47 AM CST> <Warning> <facility.root.clusterInfo> <pl-1> <traffic-1> <[ACTIVE] ExecuteThread: '53' for queue: 'weblogic.kernel.Default (self-tuning)'> <<anonymous>> <BEA1-688F3544F0E41C788BC0> <> <1444620467507> <BEA-000000> <[null]cluster info is not initialized yet> 
####<Oct 12, 2015 11:28:17 AM CST> <Warning> <facility.root.clusterInfo> <pl-1> <traffic-1> <[ACTIVE] ExecuteThread: '53' for queue: 'weblogic.kernel.Default (self-tuning)'> <<anonymous>> <BEA1-68903544F0E41C788BC0> <> <1444620497528> <BEA-000000> <[null]cluster info is not initialized yet> 
####<Oct 12, 2015 11:28:40 AM CST> <Info> <com.ericsson.joam.fm.esa> <pl-1> <traffic-1> <com.ericsson.joam.fm.esa.impl.ExecutorScheduleService> <<anonymous>> <> <> <1444620520436> <BEA-000000> <Starting the Memory-ESA Synchronization process> 
####<Oct 12, 2015 11:28:40 AM CST> <Info> <com.ericsson.joam.fm.esa> <pl-1> <traffic-1> <com.ericsson.joam.fm.esa.impl.ExecutorScheduleService> <<anonymous>> <> <> <1444620520440> <BEA-000000> <ESA AAL size=0> 
####<Oct 12, 2015 11:28:47 AM CST> <Warning> <facility.root.clusterInfo> <pl-1> <traffic-1> <[ACTIVE] ExecuteThread: '40' for queue: 'weblogic.kernel.Default (self-tuning)'> <<anonymous>> <BEA1-68913544F0E41C788BC0> <> <1444620527560> <BEA-000000> <[null]cluster info is not initialized yet> 
####<Oct 12, 2015 11:28:57 AM CST> <Info> <JDBC> <pl-1> <traffic-1> <[ACTIVE] ExecuteThread: '40' for queue: 'weblogic.kernel.Default (self-tuning)'> <<WLS Kernel>> <> <> <1444620537825> <BEA-001128> <Connection for pool "clustertimer" closed.> 
####<Oct 12, 2015 11:29:05 AM CST> <Info> <Common> <pl-1> <traffic-1> <[ACTIVE] ExecuteThread: '53' for queue: 'weblogic.kernel.Default (self-tuning)'> <<WLS Kernel>> <> <> <1444620545523> <BEA-000628> <Created "1" resources for pool "clustertimer", out of which "1" are available and "0" are unavailable.> 
####<Oct 12, 2015 11:29:17 AM CST> <Warning> <facility.root.clusterInfo> <pl-1> <traffic-1> <[ACTIVE] ExecuteThread: '53' for queue: 'weblogic.kernel.Default (self-tuning)'> <<anonymous>> <BEA1-68923544F0E41C788BC0> <> <1444620557583> <BEA-000000> <[null]cluster info is not initialized yet> 
####<Oct 12, 2015 11:29:40 AM CST> <Info> <com.ericsson.joam.fm.esa> <pl-1> <traffic-1> <com.ericsson.joam.fm.esa.impl.ExecutorScheduleService> <<anonymous>> <> <> <1444620580441> <BEA-000000> <Starting the Memory-ESA Synchronization process> 
####<Oct 12, 2015 11:29:40 AM CST> <Info> <com.ericsson.joam.fm.esa> <pl-1> <traffic-1> <com.ericsson.joam.fm.esa.impl.ExecutorScheduleService> <<anonymous>> <> <> <1444620580444> <BEA-000000> <ESA AAL size=0> 
####<Oct 12, 2015 11:29:47 AM CST> <Warning> <facility.root.clusterInfo> <pl-1> <traffic-1> <[ACTIVE] ExecuteThread: '45' for queue: 'weblogic.kernel.Default (self-tuning)'> <<anonymous>> <BEA1-68933544F0E41C788BC0> <> <1444620587603> <BEA-000000> <[null]cluster info is not initialized yet> 
####<Oct 12, 2015 11:30:17 AM CST> <Warning> <facility.root.clusterInfo> <pl-1> <traffic-1> <[ACTIVE] ExecuteThread: '41' for queue: 'weblogic.kernel.Default (self-tuning)'> <<anonymous>> <BEA1-68943544F0E41C788BC0> <> <1444620617627> <BEA-000000> <[null]cluster info is not initialized yet> 
####<Oct 12, 2015 11:30:40 AM CST> <Info> <com.ericsson.joam.fm.esa> <pl-1> <traffic-1> <com.ericsson.joam.fm.esa.impl.ExecutorScheduleService> <<anonymous>> <> <> <1444620640445> <BEA-000000> <Starting the Memory-ESA Synchronization process> 
####<Oct 12, 2015 11:30:40 AM CST> <Info> <com.ericsson.joam.fm.esa> <pl-1> <traffic-1> <com.ericsson.joam.fm.esa.impl.ExecutorScheduleService> <<anonymous>> <> <> <1444620640448> <BEA-000000> <ESA AAL size=0> 
####<Oct 12, 2015 11:30:47 AM CST> <Warning> <facility.root.clusterInfo> <pl-1> <traffic-1> <[ACTIVE] ExecuteThread: '40' for queue: 'weblogic.kernel.Default (self-tuning)'> <<anonymous>> <BEA1-68953544F0E41C788BC0> <> <1444620647647> <BEA-000000> <[null]cluster info is not initialized yet> 
####<Oct 12, 2015 11:31:16 AM CST> <Info> <Common> <pl-1> <traffic-1> <[ACTIVE] ExecuteThread: '41' for queue: 'weblogic.kernel.Default (self-tuning)'> <<WLS Kernel>> <> <> <1444620676237> <BEA-000628> <Created "1" resources for pool "clustertimer", out of which "1" are available and "0" are unavailable.> 
####<Oct 12, 2015 11:31:40 AM CST> <Info> <com.ericsson.joam.fm.esa> <pl-1> <traffic-1> <com.ericsson.joam.fm.esa.impl.ExecutorScheduleService> <<anonymous>> <> <> <1444620700448> <BEA-000000> <Starting the Memory-ESA Synchronization process> 
####<Oct 12, 2015 11:31:40 AM CST> <Info> <com.ericsson.joam.fm.esa> <pl-1> <traffic-1> <com.ericsson.joam.fm.esa.impl.ExecutorScheduleService> <<anonymous>> <> <> <1444620700452> <BEA-000000> <ESA AAL size=0> 
####<Oct 12, 2015 11:31:48 AM CST> <Info> <JDBC> <pl-1> <traffic-1> <[ACTIVE] ExecuteThread: '45' for queue: 'weblogic.kernel.Default (self-tuning)'> <<WLS Kernel>> <> <> <1444620708046> <BEA-001128> <Connection for pool "jdbc_facility.general.ds" closed.> 
####<Oct 12, 2015 11:31:54 AM CST> <Info> <Common> <pl-1> <traffic-1> <Thread-37> <<anonymous>> <> <> <1444620714144> <BEA-000628> <Created "1" resources for pool "jdbc_facility.general.ds", out of which "1" are available and "0" are unavailable.> 
####<Oct 12, 2015 11:32:17 AM CST> <Warning> <facility.root.clusterInfo> <pl-1> <traffic-1> <[ACTIVE] ExecuteThread: '40' for queue: 'weblogic.kernel.Default (self-tuning)'> <<anonymous>> <BEA1-68963544F0E41C788BC0> <> <1444620737742> <BEA-000000> <[null]cluster info is not initialized yet> 
####<Oct 12, 2015 11:32:40 AM CST> <Info> <com.ericsson.joam.fm.esa> <pl-1> <traffic-1> <com.ericsson.joam.fm.esa.impl.ExecutorScheduleService> <<anonymous>> <> <> <1444620760452> <BEA-000000> <Starting the Memory-ESA Synchronization process> 
####<Oct 12, 2015 11:32:40 AM CST> <Info> <com.ericsson.joam.fm.esa> <pl-1> <traffic-1> <com.ericsson.joam.fm.esa.impl.ExecutorScheduleService> <<anonymous>> <> <> <1444620760460> <BEA-000000> <ESA AAL size=0> 
####<Oct 12, 2015 11:32:47 AM CST> <Warning> <facility.root.clusterInfo> <pl-1> <traffic-1> <[ACTIVE] ExecuteThread: '41' for queue: 'weblogic.kernel.Default (self-tuning)'> <<anonymous>> <BEA1-68973544F0E41C788BC0> <> <1444620767775> <BEA-000000> <[null]cluster info is not initialized yet> 
####<Oct 12, 2015 11:33:40 AM CST> <Info> <com.ericsson.joam.fm.esa> <pl-1> <traffic-1> <com.ericsson.joam.fm.esa.impl.ExecutorScheduleService> <<anonymous>> <> <> <1444620820461> <BEA-000000> <Starting the Memory-ESA Synchronization process> 
####<Oct 12, 2015 11:33:40 AM CST> <Info> <com.ericsson.joam.fm.esa> <pl-1> <traffic-1> <com.ericsson.joam.fm.esa.impl.ExecutorScheduleService> <<anonymous>> <> <> <1444620820468> <BEA-000000> <ESA AAL size=0> 
####<Oct 12, 2015 11:34:17 AM CST> <Warning> <facility.root.clusterInfo> <pl-1> <traffic-1> <[ACTIVE] ExecuteThread: '53' for queue: 'weblogic.kernel.Default (self-tuning)'> <<anonymous>> <BEA1-68983544F0E41C788BC0> <> <1444620857843> <BEA-000000> <[null]cluster info is not initialized yet> 
####<Oct 12, 2015 11:34:40 AM CST> <Info> <com.ericsson.joam.fm.esa> <pl-1> <traffic-1> <com.ericsson.joam.fm.esa.impl.ExecutorScheduleService> <<anonymous>> <> <> <1444620880468> <BEA-000000> <Starting the Memory-ESA Synchronization process> 
####<Oct 12, 2015 11:34:40 AM CST> <Info> <com.ericsson.joam.fm.esa> <pl-1> <traffic-1> <com.ericsson.joam.fm.esa.impl.ExecutorScheduleService> <<anonymous>> <> <> <1444620880472> <BEA-000000> <ESA AAL size=0> 
####<Oct 12, 2015 11:34:47 AM CST> <Warning> <facility.root.clusterInfo> <pl-1> <traffic-1> <[ACTIVE] ExecuteThread: '53' for queue: 'weblogic.kernel.Default (self-tuning)'> <<anonymous>> <BEA1-68993544F0E41C788BC0> <> <1444620887865> <BEA-000000> <[null]cluster info is not initialized yet> 
####<Oct 12, 2015 11:35:40 AM CST> <Info> <com.ericsson.joam.fm.esa> <pl-1> <traffic-1> <com.ericsson.joam.fm.esa.impl.ExecutorScheduleService> <<anonymous>> <> <> <1444620940472> <BEA-000000> <Starting the Memory-ESA Synchronization process> 
####<Oct 12, 2015 11:35:40 AM CST> <Info> <com.ericsson.joam.fm.esa> <pl-1> <traffic-1> <com.ericsson.joam.fm.esa.impl.ExecutorScheduleService> <<anonymous>> <> <> <1444620940477> <BEA-000000> <ESA AAL size=0> 
####<Oct 12, 2015 11:36:40 AM CST> <Info> <com.ericsson.joam.fm.esa> <pl-1> <traffic-1> <com.ericsson.joam.fm.esa.impl.ExecutorScheduleService> <<anonymous>> <> <> <1444621000478> <BEA-000000> <Starting the Memory-ESA Synchronization process> 
####<Oct 12, 2015 11:36:40 AM CST> <Info> <com.ericsson.joam.fm.esa> <pl-1> <traffic-1> <com.ericsson.joam.fm.esa.impl.ExecutorScheduleService> <<anonymous>> <> <> <1444621000500> <BEA-000000> <ESA AAL size=0> 
####<Oct 12, 2015 11:37:17 AM CST> <Warning> <facility.root.clusterInfo> <pl-1> <traffic-1> <[ACTIVE] ExecuteThread: '41' for queue: 'weblogic.kernel.Default (self-tuning)'> <<anonymous>> <BEA1-689A3544F0E41C788BC0> <> <1444621037968> <BEA-000000> <[null]cluster info is not initialized yet> 
####<Oct 12, 2015 11:37:40 AM CST> <Info> <com.ericsson.joam.fm.esa> <pl-1> <traffic-1> <com.ericsson.joam.fm.esa.impl.ExecutorScheduleService> <<anonymous>> <> <> <1444621060501> <BEA-000000> <Starting the Memory-ESA Synchronization process> 
####<Oct 12, 2015 11:37:40 AM CST> <Info> <com.ericsson.joam.fm.esa> <pl-1> <traffic-1> <com.ericsson.joam.fm.esa.impl.ExecutorScheduleService> <<anonymous>> <> <> <1444621060504> <BEA-000000> <ESA AAL size=0> 
####<Oct 12, 2015 11:38:18 AM CST> <Warning> <facility.root.clusterInfo> <pl-1> <traffic-1> <[ACTIVE] ExecuteThread: '40' for queue: 'weblogic.kernel.Default (self-tuning)'> <<anonymous>> <BEA1-689B3544F0E41C788BC0> <> <1444621098018> <BEA-000000> <[null]cluster info is not initialized yet> 
####<Oct 12, 2015 11:38:40 AM CST> <Info> <com.ericsson.joam.fm.esa> <pl-1> <traffic-1> <com.ericsson.joam.fm.esa.impl.ExecutorScheduleService> <<anonymous>> <> <> <1444621120504> <BEA-000000> <Starting the Memory-ESA Synchronization process> 
####<Oct 12, 2015 11:38:40 AM CST> <Info> <com.ericsson.joam.fm.esa> <pl-1> <traffic-1> <com.ericsson.joam.fm.esa.impl.ExecutorScheduleService> <<anonymous>> <> <> <1444621120507> <BEA-000000> <ESA AAL size=0> 
####<Oct 12, 2015 11:39:18 AM CST> <Warning> <facility.root.clusterInfo> <pl-1> <traffic-1> <[ACTIVE] ExecuteThread: '41' for queue: 'weblogic.kernel.Default (self-tuning)'> <<anonymous>> <BEA1-689C3544F0E41C788BC0> <> <1444621158126> <BEA-000000> <[null]cluster info is not initialized yet> 
####<Oct 12, 2015 11:39:40 AM CST> <Info> <com.ericsson.joam.fm.esa> <pl-1> <traffic-1> <com.ericsson.joam.fm.esa.impl.ExecutorScheduleService> <<anonymous>> <> <> <1444621180508> <BEA-000000> <Starting the Memory-ESA Synchronization process> 
####<Oct 12, 2015 11:39:40 AM CST> <Info> <com.ericsson.joam.fm.esa> <pl-1> <traffic-1> <com.ericsson.joam.fm.esa.impl.ExecutorScheduleService> <<anonymous>> <> <> <1444621180511> <BEA-000000> <ESA AAL size=0> 
####<Oct 12, 2015 11:40:18 AM CST> <Warning> <facility.root.clusterInfo> <pl-1> <traffic-1> <[ACTIVE] ExecuteThread: '45' for queue: 'weblogic.kernel.Default (self-tuning)'> <<anonymous>> <BEA1-689D3544F0E41C788BC0> <> <1444621218187> <BEA-000000> <[null]cluster info is not initialized yet> 
####<Oct 12, 2015 11:40:40 AM CST> <Info> <com.ericsson.joam.fm.esa> <pl-1> <traffic-1> <com.ericsson.joam.fm.esa.impl.ExecutorScheduleService> <<anonymous>> <> <> <1444621240511> <BEA-000000> <Starting the Memory-ESA Synchronization process> 
####<Oct 12, 2015 11:40:40 AM CST> <Info> <com.ericsson.joam.fm.esa> <pl-1> <traffic-1> <com.ericsson.joam.fm.esa.impl.ExecutorScheduleService> <<anonymous>> <> <> <1444621240514> <BEA-000000> <ESA AAL size=0> 
####<Oct 12, 2015 11:40:48 AM CST> <Warning> <facility.root.clusterInfo> <pl-1> <traffic-1> <[ACTIVE] ExecuteThread: '40' for queue: 'weblogic.kernel.Default (self-tuning)'> <<anonymous>> <BEA1-689E3544F0E41C788BC0> <> <1444621248208> <BEA-000000> <[null]cluster info is not initialized yet> 
####<Oct 12, 2015 11:41:40 AM CST> <Info> <com.ericsson.joam.fm.esa> <pl-1> <traffic-1> <com.ericsson.joam.fm.esa.impl.ExecutorScheduleService> <<anonymous>> <> <> <1444621300515> <BEA-000000> <Starting the Memory-ESA Synchronization process> 
####<Oct 12, 2015 11:41:40 AM CST> <Info> <com.ericsson.joam.fm.esa> <pl-1> <traffic-1> <com.ericsson.joam.fm.esa.impl.ExecutorScheduleService> <<anonymous>> <> <> <1444621300526> <BEA-000000> <ESA AAL size=0> 
####<Oct 12, 2015 11:42:18 AM CST> <Warning> <facility.root.clusterInfo> <pl-1> <traffic-1> <[ACTIVE] ExecuteThread: '45' for queue: 'weblogic.kernel.Default (self-tuning)'> <<anonymous>> <BEA1-689F3544F0E41C788BC0> <> <1444621338287> <BEA-000000> <[null]cluster info is not initialized yet> 
####<Oct 12, 2015 11:42:40 AM CST> <Info> <com.ericsson.joam.fm.esa> <pl-1> <traffic-1> <com.ericsson.joam.fm.esa.impl.ExecutorScheduleService> <<anonymous>> <> <> <1444621360526> <BEA-000000> <Starting the Memory-ESA Synchronization process> 
####<Oct 12, 2015 11:42:40 AM CST> <Info> <com.ericsson.joam.fm.esa> <pl-1> <traffic-1> <com.ericsson.joam.fm.esa.impl.ExecutorScheduleService> <<anonymous>> <> <> <1444621360531> <BEA-000000> <ESA AAL size=0> 
####<Oct 12, 2015 11:43:18 AM CST> <Warning> <facility.root.clusterInfo> <pl-1> <traffic-1> <[ACTIVE] ExecuteThread: '41' for queue: 'weblogic.kernel.Default (self-tuning)'> <<anonymous>> <BEA1-68A03544F0E41C788BC0> <> <1444621398374> <BEA-000000> <[null]cluster info is not initialized yet> 
####<Oct 12, 2015 11:43:40 AM CST> <Info> <com.ericsson.joam.fm.esa> <pl-1> <traffic-1> <com.ericsson.joam.fm.esa.impl.ExecutorScheduleService> <<anonymous>> <> <> <1444621420532> <BEA-000000> <Starting the Memory-ESA Synchronization process> 
####<Oct 12, 2015 11:43:40 AM CST> <Info> <com.ericsson.joam.fm.esa> <pl-1> <traffic-1> <com.ericsson.joam.fm.esa.impl.ExecutorScheduleService> <<anonymous>> <> <> <1444621420542> <BEA-000000> <ESA AAL size=0> 
####<Oct 12, 2015 11:43:57 AM CST> <Info> <JDBC> <pl-1> <traffic-1> <[ACTIVE] ExecuteThread: '40' for queue: 'weblogic.kernel.Default (self-tuning)'> <<WLS Kernel>> <> <> <1444621437824> <BEA-001128> <Connection for pool "clustertimer" closed.> 
####<Oct 12, 2015 11:43:57 AM CST> <Info> <JDBC> <pl-1> <traffic-1> <[ACTIVE] ExecuteThread: '40' for queue: 'weblogic.kernel.Default (self-tuning)'> <<WLS Kernel>> <> <> <1444621437824> <BEA-001128> <Connection for pool "clustertimer" closed.> 
####<Oct 12, 2015 11:44:07 AM CST> <Info> <Common> <pl-1> <traffic-1> <[ACTIVE] ExecuteThread: '40' for queue: 'weblogic.kernel.Default (self-tuning)'> <<WLS Kernel>> <> <> <1444621447659> <BEA-000628> <Created "1" resources for pool "clustertimer", out of which "1" are available and "0" are unavailable.> 
####<Oct 12, 2015 11:44:40 AM CST> <Info> <com.ericsson.joam.fm.esa> <pl-1> <traffic-1> <com.ericsson.joam.fm.esa.impl.ExecutorScheduleService> <<anonymous>> <> <> <1444621480543> <BEA-000000> <Starting the Memory-ESA Synchronization process> 
####<Oct 12, 2015 11:44:40 AM CST> <Info> <com.ericsson.joam.fm.esa> <pl-1> <traffic-1> <com.ericsson.joam.fm.esa.impl.ExecutorScheduleService> <<anonymous>> <> <> <1444621480556> <BEA-000000> <ESA AAL size=0> 
####<Oct 12, 2015 11:45:40 AM CST> <Info> <com.ericsson.joam.fm.esa> <pl-1> <traffic-1> <com.ericsson.joam.fm.esa.impl.ExecutorScheduleService> <<anonymous>> <> <> <1444621540556> <BEA-000000> <Starting the Memory-ESA Synchronization process> 
####<Oct 12, 2015 11:45:40 AM CST> <Info> <com.ericsson.joam.fm.esa> <pl-1> <traffic-1> <com.ericsson.joam.fm.esa.impl.ExecutorScheduleService> <<anonymous>> <> <> <1444621540560> <BEA-000000> <ESA AAL size=0> 
####<Oct 12, 2015 11:45:48 AM CST> <Warning> <facility.root.clusterInfo> <pl-1> <traffic-1> <[ACTIVE] ExecuteThread: '53' for queue: 'weblogic.kernel.Default (self-tuning)'> <<anonymous>> <BEA1-68A13544F0E41C788BC0> <> <1444621548479> <BEA-000000> <[null]cluster info is not initialized yet> 
####<Oct 12, 2015 11:46:40 AM CST> <Info> <com.ericsson.joam.fm.esa> <pl-1> <traffic-1> <com.ericsson.joam.fm.esa.impl.ExecutorScheduleService> <<anonymous>> <> <> <1444621600562> <BEA-000000> <Starting the Memory-ESA Synchronization process> 
####<Oct 12, 2015 11:46:40 AM CST> <Info> <com.ericsson.joam.fm.esa> <pl-1> <traffic-1> <com.ericsson.joam.fm.esa.impl.ExecutorScheduleService> <<anonymous>> <> <> <1444621600567> <BEA-000000> <ESA AAL size=0> 
####<Oct 12, 2015 11:46:48 AM CST> <Info> <JDBC> <pl-1> <traffic-1> <[ACTIVE] ExecuteThread: '52' for queue: 'weblogic.kernel.Default (self-tuning)'> <<WLS Kernel>> <> <> <1444621608045> <BEA-001128> <Connection for pool "jdbc_facility.general.ds" closed.> 
####<Oct 12, 2015 11:46:54 AM CST> <Info> <Common> <pl-1> <traffic-1> <Thread-37> <<anonymous>> <> <> <1444621614290> <BEA-000628> <Created "1" resources for pool "jdbc_facility.general.ds", out of which "1" are available and "0" are unavailable.> 
####<Oct 12, 2015 11:47:40 AM CST> <Info> <com.ericsson.joam.fm.esa> <pl-1> <traffic-1> <com.ericsson.joam.fm.esa.impl.ExecutorScheduleService> <<anonymous>> <> <> <1444621660567> <BEA-000000> <Starting the Memory-ESA Synchronization process> 
####<Oct 12, 2015 11:47:40 AM CST> <Info> <com.ericsson.joam.fm.esa> <pl-1> <traffic-1> <com.ericsson.joam.fm.esa.impl.ExecutorScheduleService> <<anonymous>> <> <> <1444621660583> <BEA-000000> <ESA AAL size=0> 
####<Oct 12, 2015 11:48:18 AM CST> <Warning> <facility.root.clusterInfo> <pl-1> <traffic-1> <[ACTIVE] ExecuteThread: '53' for queue: 'weblogic.kernel.Default (self-tuning)'> <<anonymous>> <BEA1-68A23544F0E41C788BC0> <> <1444621698601> <BEA-000000> <[null]cluster info is not initialized yet> 
####<Oct 12, 2015 11:48:40 AM CST> <Info> <com.ericsson.joam.fm.esa> <pl-1> <traffic-1> <com.ericsson.joam.fm.esa.impl.ExecutorScheduleService> <<anonymous>> <> <> <1444621720583> <BEA-000000> <Starting the Memory-ESA Synchronization process> 
####<Oct 12, 2015 11:48:40 AM CST> <Info> <com.ericsson.joam.fm.esa> <pl-1> <traffic-1> <com.ericsson.joam.fm.esa.impl.ExecutorScheduleService> <<anonymous>> <> <> <1444621720587> <BEA-000000> <ESA AAL size=0> 
####<Oct 12, 2015 11:49:40 AM CST> <Info> <com.ericsson.joam.fm.esa> <pl-1> <traffic-1> <com.ericsson.joam.fm.esa.impl.ExecutorScheduleService> <<anonymous>> <> <> <1444621780587> <BEA-000000> <Starting the Memory-ESA Synchronization process> 
####<Oct 12, 2015 11:49:40 AM CST> <Info> <com.ericsson.joam.fm.esa> <pl-1> <traffic-1> <com.ericsson.joam.fm.esa.impl.ExecutorScheduleService> <<anonymous>> <> <> <1444621780591> <BEA-000000> <ESA AAL size=0> 
####<Oct 12, 2015 11:49:48 AM CST> <Warning> <facility.root.clusterInfo> <pl-1> <traffic-1> <[ACTIVE] ExecuteThread: '52' for queue: 'weblogic.kernel.Default (self-tuning)'> <<anonymous>> <BEA1-68A33544F0E41C788BC0> <> <1444621788662> <BEA-000000> <[null]cluster info is not initialized yet> 
####<Oct 12, 2015 11:50:40 AM CST> <Info> <com.ericsson.joam.fm.esa> <pl-1> <traffic-1> <com.ericsson.joam.fm.esa.impl.ExecutorScheduleService> <<anonymous>> <> <> <1444621840591> <BEA-000000> <Starting the Memory-ESA Synchronization process> 
####<Oct 12, 2015 11:50:40 AM CST> <Info> <com.ericsson.joam.fm.esa> <pl-1> <traffic-1> <com.ericsson.joam.fm.esa.impl.ExecutorScheduleService> <<anonymous>> <> <> <1444621840594> <BEA-000000> <ESA AAL size=0> 
####<Oct 12, 2015 11:50:48 AM CST> <Warning> <facility.root.clusterInfo> <pl-1> <traffic-1> <[ACTIVE] ExecuteThread: '43' for queue: 'weblogic.kernel.Default (self-tuning)'> <<anonymous>> <BEA1-68A43544F0E41C788BC0> <> <1444621848975> <BEA-000000> <[null]cluster info is not initialized yet> 
####<Oct 12, 2015 11:51:19 AM CST> <Warning> <facility.root.clusterInfo> <pl-1> <traffic-1> <[ACTIVE] ExecuteThread: '40' for queue: 'weblogic.kernel.Default (self-tuning)'> <<anonymous>> <BEA1-68A53544F0E41C788BC0> <> <1444621879000> <BEA-000000> <[null]cluster info is not initialized yet> 
####<Oct 12, 2015 11:51:40 AM CST> <Info> <com.ericsson.joam.fm.esa> <pl-1> <traffic-1> <com.ericsson.joam.fm.esa.impl.ExecutorScheduleService> <<anonymous>> <> <> <1444621900595> <BEA-000000> <Starting the Memory-ESA Synchronization process> 
####<Oct 12, 2015 11:51:40 AM CST> <Info> <com.ericsson.joam.fm.esa> <pl-1> <traffic-1> <com.ericsson.joam.fm.esa.impl.ExecutorScheduleService> <<anonymous>> <> <> <1444621900598> <BEA-000000> <ESA AAL size=0> 
####<Oct 12, 2015 11:51:49 AM CST> <Warning> <facility.root.clusterInfo> <pl-1> <traffic-1> <[ACTIVE] ExecuteThread: '41' for queue: 'weblogic.kernel.Default (self-tuning)'> <<anonymous>> <BEA1-68A63544F0E41C788BC0> <> <1444621909021> <BEA-000000> <[null]cluster info is not initialized yet> 
####<Oct 12, 2015 11:52:19 AM CST> <Warning> <facility.root.clusterInfo> <pl-1> <traffic-1> <[ACTIVE] ExecuteThread: '41' for queue: 'weblogic.kernel.Default (self-tuning)'> <<anonymous>> <BEA1-68A73544F0E41C788BC0> <> <1444621939042> <BEA-000000> <[null]cluster info is not initialized yet> 
####<Oct 12, 2015 11:52:40 AM CST> <Info> <com.ericsson.joam.fm.esa> <pl-1> <traffic-1> <com.ericsson.joam.fm.esa.impl.ExecutorScheduleService> <<anonymous>> <> <> <1444621960599> <BEA-000000> <Starting the Memory-ESA Synchronization process> 
####<Oct 12, 2015 11:52:40 AM CST> <Info> <com.ericsson.joam.fm.esa> <pl-1> <traffic-1> <com.ericsson.joam.fm.esa.impl.ExecutorScheduleService> <<anonymous>> <> <> <1444621960602> <BEA-000000> <ESA AAL size=0> 
####<Oct 12, 2015 11:52:49 AM CST> <Warning> <facility.root.clusterInfo> <pl-1> <traffic-1> <[ACTIVE] ExecuteThread: '40' for queue: 'weblogic.kernel.Default (self-tuning)'> <<anonymous>> <BEA1-68A83544F0E41C788BC0> <> <1444621969066> <BEA-000000> <[null]cluster info is not initialized yet> 
####<Oct 12, 2015 11:53:19 AM CST> <Warning> <facility.root.clusterInfo> <pl-1> <traffic-1> <[ACTIVE] ExecuteThread: '51' for queue: 'weblogic.kernel.Default (self-tuning)'> <<anonymous>> <BEA1-68A93544F0E41C788BC0> <> <1444621999086> <BEA-000000> <[null]cluster info is not initialized yet> 
####<Oct 12, 2015 11:53:40 AM CST> <Info> <com.ericsson.joam.fm.esa> <pl-1> <traffic-1> <com.ericsson.joam.fm.esa.impl.ExecutorScheduleService> <<anonymous>> <> <> <1444622020603> <BEA-000000> <Starting the Memory-ESA Synchronization process> 
####<Oct 12, 2015 11:53:40 AM CST> <Info> <com.ericsson.joam.fm.esa> <pl-1> <traffic-1> <com.ericsson.joam.fm.esa.impl.ExecutorScheduleService> <<anonymous>> <> <> <1444622020622> <BEA-000000> <ESA AAL size=0> 
####<Oct 12, 2015 11:53:49 AM CST> <Warning> <facility.root.clusterInfo> <pl-1> <traffic-1> <[ACTIVE] ExecuteThread: '41' for queue: 'weblogic.kernel.Default (self-tuning)'> <<anonymous>> <BEA1-68AA3544F0E41C788BC0> <> <1444622029130> <BEA-000000> <[null]cluster info is not initialized yet> 
####<Oct 12, 2015 11:54:19 AM CST> <Warning> <facility.root.clusterInfo> <pl-1> <traffic-1> <[ACTIVE] ExecuteThread: '41' for queue: 'weblogic.kernel.Default (self-tuning)'> <<anonymous>> <BEA1-68AB3544F0E41C788BC0> <> <1444622059151> <BEA-000000> <[null]cluster info is not initialized yet> 
####<Oct 12, 2015 11:54:40 AM CST> <Info> <com.ericsson.joam.fm.esa> <pl-1> <traffic-1> <com.ericsson.joam.fm.esa.impl.ExecutorScheduleService> <<anonymous>> <> <> <1444622080623> <BEA-000000> <Starting the Memory-ESA Synchronization process> 
####<Oct 12, 2015 11:54:40 AM CST> <Info> <com.ericsson.joam.fm.esa> <pl-1> <traffic-1> <com.ericsson.joam.fm.esa.impl.ExecutorScheduleService> <<anonymous>> <> <> <1444622080629> <BEA-000000> <ESA AAL size=0> 
####<Oct 12, 2015 11:54:49 AM CST> <Warning> <facility.root.clusterInfo> <pl-1> <traffic-1> <[ACTIVE] ExecuteThread: '51' for queue: 'weblogic.kernel.Default (self-tuning)'> <<anonymous>> <BEA1-68AC3544F0E41C788BC0> <> <1444622089171> <BEA-000000> <[null]cluster info is not initialized yet> 
####<Oct 12, 2015 11:55:19 AM CST> <Warning> <facility.root.clusterInfo> <pl-1> <traffic-1> <[ACTIVE] ExecuteThread: '40' for queue: 'weblogic.kernel.Default (self-tuning)'> <<anonymous>> <BEA1-68AD3544F0E41C788BC0> <> <1444622119191> <BEA-000000> <[null]cluster info is not initialized yet> 
####<Oct 12, 2015 11:55:40 AM CST> <Info> <com.ericsson.joam.fm.esa> <pl-1> <traffic-1> <com.ericsson.joam.fm.esa.impl.ExecutorScheduleService> <<anonymous>> <> <> <1444622140629> <BEA-000000> <Starting the Memory-ESA Synchronization process> 
####<Oct 12, 2015 11:55:40 AM CST> <Info> <com.ericsson.joam.fm.esa> <pl-1> <traffic-1> <com.ericsson.joam.fm.esa.impl.ExecutorScheduleService> <<anonymous>> <> <> <1444622140637> <BEA-000000> <ESA AAL size=0> 
####<Oct 12, 2015 11:56:19 AM CST> <Warning> <facility.root.clusterInfo> <pl-1> <traffic-1> <[ACTIVE] ExecuteThread: '40' for queue: 'weblogic.kernel.Default (self-tuning)'> <<anonymous>> <BEA1-68AE3544F0E41C788BC0> <> <1444622179232> <BEA-000000> <[null]cluster info is not initialized yet> 
####<Oct 12, 2015 11:56:40 AM CST> <Info> <com.ericsson.joam.fm.esa> <pl-1> <traffic-1> <com.ericsson.joam.fm.esa.impl.ExecutorScheduleService> <<anonymous>> <> <> <1444622200637> <BEA-000000> <Starting the Memory-ESA Synchronization process> 
####<Oct 12, 2015 11:56:40 AM CST> <Info> <com.ericsson.joam.fm.esa> <pl-1> <traffic-1> <com.ericsson.joam.fm.esa.impl.ExecutorScheduleService> <<anonymous>> <> <> <1444622200642> <BEA-000000> <ESA AAL size=0> 
{1.
sd
Starting the Memory-ESA Synchronization process}
####<Oct 12, 2015 11:56:40 AM CST> <Info> <com.ericsson.joam.fm.esa> <pl-1> <traffic-1> <com.ericsson.joam.fm.esa.impl.ExecutorScheduleService> <<anonymous>> <> <> <1444622200642> <BEA-000000> <ESA AAL size=0> 
{2.
sd
Starting the Memory-ESA Synchronization
 process}
####<Oct 12, 2015 11:56:40 AM CST> <Info> <com.ericsson.joam.fm.esa> <pl-1> <traffic-1> <com.ericsson.joam.fm.esa.impl.ExecutorScheduleService> <<anonymous>> <> <> <1444622200642> <BEA-000000> <ESA AAL size=0> 
{3.
sd
Starting the Memory-ESA Synchronization 
process}
####<Oct 12, 2015 11:56:49 AM CST> <Warning> <facility.root.clusterInfo> <pl-1> <traffic-1> <[ACTIVE] ExecuteThread: '52' for queue: 'weblogic.kernel.Default (self-tuning)'> <<anonymous>> <BEA1-68AF3544F0E41C788BC0> <> <1444622209254> <BEA-000000> <[null]cluster info is not initialized yet> 
####<Oct 12, 2015 11:57:19 AM CST> <Warning> <facility.root.clusterInfo> <pl-1> <traffic-1> <[ACTIVE] ExecuteThread: '40' for queue: 'weblogic.kernel.Default (self-tuning)'> <<anonymous>> <BEA1-68B03544F0E41C788BC0> <> <1444622239274> <BEA-000000> <[null]cluster info is not initialized yet> 
####<Oct 12, 2015 11:57:40 AM CST> <Info> <com.ericsson.joam.fm.esa> <pl-1> <traffic-1> <com.ericsson.joam.fm.esa.impl.ExecutorScheduleService> <<anonymous>> <> <> <1444622260642> <BEA-000000> <Starting the Memory-ESA Synchronization process> 
####<Oct 12, 2015 11:57:40 AM CST> <Info> <com.ericsson.joam.fm.esa> <pl-1> <traffic-1> <com.ericsson.joam.fm.esa.impl.ExecutorScheduleService> <<anonymous>> <> <> <1444622260645> <BEA-000000> <ESA AAL size=0> 
####<Oct 12, 2015 11:58:19 AM CST> <Warning> <facility.root.clusterInfo> <pl-1> <traffic-1> <[ACTIVE] ExecuteThread: '52' for queue: 'weblogic.kernel.Default (self-tuning)'> <<anonymous>> <BEA1-68B13544F0E41C788BC0> <> <1444622299316> <BEA-000000> <[null]cluster info is not initialized yet> 
####<Oct 12, 2015 11:58:40 AM CST> <Info> <com.ericsson.joam.fm.esa> <pl-1> <traffic-1> <com.ericsson.joam.fm.esa.impl.ExecutorScheduleService> <<anonymous>> <> <> <1444622320645> <BEA-000000> <Starting the Memory-ESA Synchronization process> 
####<Oct 12, 2015 11:58:40 AM CST> <Info> <com.ericsson.joam.fm.esa> <pl-1> <traffic-1> <com.ericsson.joam.fm.esa.impl.ExecutorScheduleService> <<anonymous>> <> <> <1444622320665> <BEA-000000> <ESA AAL size=0> 
####<Oct 12, 2015 11:58:57 AM CST> <Info> <JDBC> <pl-1> <traffic-1> <[ACTIVE] ExecuteThread: '51' for queue: 'weblogic.kernel.Default (self-tuning)'> <<WLS Kernel>> <> <> <1444622337824> <BEA-001128> <Connection for pool "clustertimer" closed.> 
####<Oct 12, 2015 11:58:59 AM CST> <Info> <Common> <pl-1> <traffic-1> <[ACTIVE] ExecuteThread: '41' for queue: 'weblogic.kernel.Default (self-tuning)'> <<WLS Kernel>> <> <> <1444622339358> <BEA-000628> <Created "1" resources for pool "clustertimer", out of which "1" are available and "0" are unavailable.> 
